2020-11-14 22:35:05.563 [main] INFO  com.soft1851.user.Application - No active profile set, falling back to default profiles: default
2020-11-14 22:35:06.687 [main] INFO  o.s.cloud.context.scope.GenericScope - BeanFactory id=7a3666c4-fea4-3f5e-9d2b-6e233edc3171
2020-11-14 22:35:07.271 [main] INFO  o.s.b.w.e.tomcat.TomcatWebServer - Tomcat initialized with port(s): 8003 (http)
2020-11-14 22:35:07.293 [main] INFO  o.a.coyote.http11.Http11NioProtocol - Initializing ProtocolHandler ["http-nio-8003"]
2020-11-14 22:35:07.294 [main] INFO  o.a.catalina.core.StandardService - Starting service [Tomcat]
2020-11-14 22:35:07.295 [main] INFO  o.a.catalina.core.StandardEngine - Starting Servlet engine: [Apache Tomcat/9.0.38]
2020-11-14 22:35:07.298 [main] INFO  o.a.c.core.AprLifecycleListener - Loaded Apache Tomcat Native library [1.2.23] using APR version [1.7.0].
2020-11-14 22:35:07.299 [main] INFO  o.a.c.core.AprLifecycleListener - APR capabilities: IPv6 [true], sendfile [true], accept filters [false], random [true].
2020-11-14 22:35:07.299 [main] INFO  o.a.c.core.AprLifecycleListener - APR/OpenSSL configuration: useAprConnector [false], useOpenSSL [true]
2020-11-14 22:35:07.315 [main] INFO  o.a.c.core.AprLifecycleListener - OpenSSL successfully initialized [OpenSSL 1.1.1c  28 May 2019]
2020-11-14 22:35:07.584 [main] INFO  o.a.c.c.C.[Tomcat].[localhost].[/] - Initializing Spring embedded WebApplicationContext
2020-11-14 22:35:07.584 [main] INFO  o.s.b.w.s.c.ServletWebServerApplicationContext - Root WebApplicationContext: initialization completed in 1988 ms
2020-11-14 22:35:07.695 [main] WARN  c.n.c.sources.URLConfigurationSource - No URLs will be polled as dynamic configuration sources.
2020-11-14 22:35:07.695 [main] INFO  c.n.c.sources.URLConfigurationSource - To enable URLs as dynamic configuration sources, define System property archaius.configurationSource.additionalUrls or make config.properties available on classpath.
2020-11-14 22:35:07.705 [main] WARN  c.n.c.sources.URLConfigurationSource - No URLs will be polled as dynamic configuration sources.
2020-11-14 22:35:07.705 [main] INFO  c.n.c.sources.URLConfigurationSource - To enable URLs as dynamic configuration sources, define System property archaius.configurationSource.additionalUrls or make config.properties available on classpath.
2020-11-14 22:35:07.947 [main] INFO  o.s.s.c.ThreadPoolTaskExecutor - Initializing ExecutorService 'applicationTaskExecutor'
2020-11-14 22:35:09.724 [main] INFO  o.s.cloud.commons.util.InetUtils - Cannot determine local hostname
2020-11-14 22:35:09.845 [main] INFO  o.a.coyote.http11.Http11NioProtocol - Starting ProtocolHandler ["http-nio-8003"]
2020-11-14 22:35:09.890 [main] INFO  o.s.b.w.e.tomcat.TomcatWebServer - Tomcat started on port(s): 8003 (http) with context path ''
2020-11-14 22:35:11.332 [main] INFO  o.s.cloud.commons.util.InetUtils - Cannot determine local hostname
2020-11-14 22:35:11.345 [main] INFO  com.soft1851.user.Application - Started Application in 11.459 seconds (JVM running for 13.496)
2020-11-14 22:35:34.901 [http-nio-8003-exec-1] INFO  o.a.c.c.C.[Tomcat].[localhost].[/] - Initializing Spring DispatcherServlet 'dispatcherServlet'
2020-11-14 22:35:34.902 [http-nio-8003-exec-1] INFO  o.s.web.servlet.DispatcherServlet - Initializing Servlet 'dispatcherServlet'
2020-11-14 22:35:34.913 [http-nio-8003-exec-1] INFO  o.s.web.servlet.DispatcherServlet - Completed initialization in 11 ms
2020-11-14 22:35:34.944 [http-nio-8003-exec-1] INFO  c.s.user.controller.HelloController - info: hello
2020-11-14 22:35:34.945 [http-nio-8003-exec-1] INFO  c.s.user.controller.HelloController - warn: hello
2020-11-14 22:35:34.945 [http-nio-8003-exec-1] INFO  c.s.user.controller.HelloController - error: hello
